[上午9:39:55] 嘗試連線至 D0:F1:4A:B7:D5:42...
[上午9:39:58] 連線成功！
[上午9:40:27] 中斷連線中...
[上午9:40:27] 設備已斷開連線
[上午9:40:27] 設備已斷開連線
[上午10:20:45] 嘗試連線至 D0:F1:4A:B7:D5:42...
[上午10:20:51] 連線成功！
[上午10:41:43] 嘗試連線至 E8:2C:B1:6F:36:A2...
[上午10:41:45] 連線成功！
[上午10:42:08] 設備已斷開連線
[上午10:42:08] 設備已斷開連線
[上午10:50:00] 嘗試連線至 E8:2C:B1:6F:36:A2...
[上午10:50:02] 連線成功！
[上午10:51:00] 設備已斷開連線
[上午10:51:00] 設備已斷開連線
[上午10:54:40] 嘗試連線至 E8:2C:B1:6F:36:A2...
[上午10:54:41] 連線成功！
[上午10:54:41] 已自動啟用 Notify
[上午10:55:40] 設備已斷開連線
[上午10:55:40] 設備已斷開連線
[上午10:55:45] 嘗試連線至 E8:2C:B1:6F:36:A2...
[上午10:55:51] 連線成功！
[上午10:55:51] 已自動啟用 Notify
[上午10:55:56] 已發送: 6ca300cf
[上午10:55:56] Notify [0000fff4-0000-1000-8000-00805f9b34fb]: 33a3010091
[上午10:55:56] Notify [0000fff4-0000-1000-8000-00805f9b34fb]: 33a3010091
[上午10:56:25] 中斷連線中...
[上午10:56:25] 設備已斷開連線
[上午10:56:25] 設備已斷開連線
[上午11:33:20] Đang kết nối tới E8:2C:B1:6F:36:A2...
[上午11:33:22] Kết nối thành công!
[上午11:33:22] Đã tự động bật Notify
[上午11:33:25] Đã gửi: 6ca300cf
[上午11:33:25] Notify [0000fff4-0000-1000-8000-00805f9b34fb]: 33a3010091
[上午11:33:25] Notify [0000fff4-0000-1000-8000-00805f9b34fb]: 33a3010091
[上午11:33:34] Đã gửi: 6ca300cf
[上午11:33:34] Notify [0000fff4-0000-1000-8000-00805f9b34fb]: 33a3010091
[上午11:33:34] Notify [0000fff4-0000-1000-8000-00805f9b34fb]: 33a3010091
[上午11:33:36] Đã gửi: 6ca300cf
[上午11:33:37] Notify [0000fff4-0000-1000-8000-00805f9b34fb]: 33a3010091
[上午11:33:37] Notify [0000fff4-0000-1000-8000-00805f9b34fb]: 33a3010091
[上午11:34:36] Thiết bị đã ngắt kết nối
[上午11:34:36] 設備已斷開連線
[下午2:38:28] 嘗試連線至 D0:F1:4A:B7:D5:42...
[下午2:38:33] 設備已斷開連線
[下午2:38:34] 連線失敗: Service UUID 0000fff0-0000-1000-8000-00805f9b34fb not found
[下午2:38:50] 嘗試連線至 E8:2C:B1:6F:36:A2...
[下午2:38:53] 連線成功！
[下午2:38:53] 已自動啟用 Notify
[下午2:38:56] 已發送: 6ca300cf
[下午2:38:56] Notify [0000fff4-0000-1000-8000-00805f9b34fb]: 33a3010091
[下午2:39:55] 設備已斷開連線
[下午6:19:48] 嘗試連線至 D0:F1:4A:B7:D5:42...
[下午6:20:01] 設備已斷開連線
[下午6:20:01] 連線失敗: Service UUID 0000fff0-0000-1000-8000-00805f9b34fb not found
