[下午2:50:58] 嘗試連線至 D0:F1:4A:B7:D5:42...
[下午2:51:02] 連線成功！
[下午2:51:48] 中斷連線中...
[下午2:51:48] 設備已斷開連線
[下午2:51:48] 設備已斷開連線
[下午3:11:21] 嘗試連線至 D0:F1:4A:B7:D5:42...
[下午3:11:33] 連線成功！
[下午3:21:31] 嘗試連線至 D0:F1:4A:B7:D5:42...
[下午3:21:38] 連線成功！
[下午3:24:37] 嘗試連線至 44:C2:45:B5:9A:3C...
[下午3:24:42] 連線成功！
[下午3:25:18] 中斷連線中...
[下午3:25:18] 設備已斷開連線
[下午3:25:18] 設備已斷開連線
[下午3:56:39] 嘗試連線至 D0:F1:4A:B7:D5:42...
[下午3:56:46] 連線成功！
[下午3:57:07] 發送失敗: badly formed hexadecimal UUID string
[下午3:57:49] 中斷連線中...
[下午3:57:49] 設備已斷開連線
[下午3:57:49] 設備已斷開連線
[下午3:59:35] 嘗試連線至 D0:F1:4A:B7:D5:42...
[下午3:59:39] 連線成功！
[下午4:04:53] 嘗試連線至 D0:F1:4A:B7:D5:42...
[下午4:04:56] 連線成功！
[下午4:04:57] 中斷連線中...
[下午4:04:57] 設備已斷開連線
[下午4:04:57] 設備已斷開連線
[下午4:06:34] 嘗試連線至 D0:F1:4A:B7:D5:42...
[下午4:06:40] 連線成功！
[下午4:16:37] 嘗試連線至 72:1E:54:5F:4B:B0...
[下午4:16:43] 連線成功！
